------------------------------------------
M.U.G.E.N ver 1.00 (2011.01.18) status log
------------------------------------------
Parsing command line...
Command line: D:\MUGEN\_MugenMagic\mugen.exe
Parse command line OK
Initializing...
Allocating game variables
Reading configuration file...OK
Initializing timer...performance timer enabled...frequency 3125006...OK
Initializing keyboard...configuring...OK
Initializing input engine...OK
Initializing sound...Using SDL audio driver: dsound
Requesting mixer parameters (44100, 16, 2, 2048)...
Opened mixer with parameters (44100, 16, 2, 2048)...
OK
Initializing BGM...BGMThreadInit returned 0
OK
Initializing graphics...gameCoord 1280x720...render mode 0_0...trying 1280x720x16 mode 0x0...success...OK
Setting callbacks...OK
Initializing font...OK
Initializing game variables...OK
Loading system fonts...OK
Loading options...
Initializing pads...OK
Reinitializing input engine...OK
Remapping keys...OK
Reinitializing input engine...OK
Options loaded OK
Loading system...
  Load system file system.def...OK
  Load system spr...OK
  Load system snd...OK
  Load system fonts...OK
  Load system anim...OK
  Load [Title Info]...OK
  Load [Option Info]...OK
  Load [Select Info]...OK
  Load [VS Screen]...OK
  Load [Victory Screen]...OK
  Load [Demo Mode]...OK
  Load [Continue Screen]...OK
  Load [Game Over Screen]...OK
  Load [Win Screen]...OK
  Load [Survival Results Screen]...OK
  Load [Default Ending]...OK
  Load [End Credits]...OK
  Load TitleBG...VersusBG...VictoryBG...SelectBG...OptionBG...OK
  Loading fight data
    Opening fight data file data/MagicWish/fight.def...OK
    Reading [Files]...OK
    Loading fonts...OK
    Load fight anim...OK
    Reading [Lifebar]...[Turns Lifebar]...[Simul Lifebar]...[Powerbar]...
    [Face]...[Simul Face]...[Turns Face]...
    [Name]...[Simul Name]...[Turns Name]...
    [Time]...[Combo]...[Round]...[WinIcon]...OK
    Allocating explods...OK
  Fight data loaded OK
System loaded OK
Initialize OK
Set up graphics...timer...OK
Initializing character info...OK
Initializing select screen...finding characters...
  Error reading character file: chars/blank/blank.def

  Error reading character file: chars/blank/blank.def

  Error reading character file: chars/blank/blank.def

  Error reading character file: chars/blank/blank.def

  Error reading character file: chars/blank/blank.def

  Error reading character file: chars/blank/blank.def

  Error reading character file: chars/blank/blank.def

  Error reading character file: chars/blank/blank.def

  Error reading character file: chars/blank/blank.def

  Error reading character file: chars/blank/blank.def
OK

Entering main loop
Entering character select.
attempting load and start...attempting load of sound/fairy_tail_guild.mp3...hooking mixer callback...
success!
starting BGM...
Returned from main loop
Deinitializing...
Frames      : 0
Time elapsed: 21.430 sec
ticks: 2143, tps: 100, start 244, end 2387

Clearing player cache...OK
Freeing character info...OK
Freeing select screen...OK
Freeing fight data...OK
Freeing system data...OK
Freeing game variables...OK
Deinitializing input...pad...keyboard...OK
Removing callbacks...OK
Deintializing timer...OK
Deinitializing graphics...OK
Deinitializing BGM...Cleaning up mixer callback...unhooking mixer callback...

Mixer callback was entered 72 times
Mixer callback timing stats (last 72 calls):
	7.000000 median, 7.319444 avg, 1.661494 sample std. dev.
Top 8 slowest times:	13 (2), 11 (3), 10 (3), 9 (6), 8 (14), 7 (16), 6 (20), 5 (8)
Top 8 fastest times:	5 (8), 6 (20), 7 (16), 8 (14), 9 (6), 10 (3), 11 (3), 13 (2)
OK
Deinitializing sound...OK
Successful program termination.

Log file successfully closed.
